# JRE version: Java(TM) SE Runtime Environment (8.0_201-b09) (build 1.8.0_201-b09)
# Java VM: Java HotSpot(TM) 64-Bit Server VM (25.201-b09 mixed mode linux-amd64 compressed oops)
Heap:
 PSYoungGen      total 232960K, used 14325K [0x000000076ce00000, 0x000000077bf80000, 0x00000007c0000000)
  eden space 218624K, 0% used [0x000000076ce00000,0x000000076ce00000,0x000000077a380000)
  from space 14336K, 99% used [0x000000077a380000,0x000000077b17d7b0,0x000000077b180000)
  to   space 10752K, 0% used [0x000000077b500000,0x000000077b500000,0x000000077bf80000)
 ParOldGen       total 84480K, used 12902K [0x00000006c6a00000, 0x00000006cbc80000, 0x000000076ce00000)
  object space 84480K, 15% used [0x00000006c6a00000,0x00000006c7699a10,0x00000006cbc80000)
 Metaspace       used 34204K, capacity 35948K, committed 36048K, reserved 1081344K
  class space    used 4547K, capacity 4902K, committed 4992K, reserved 1048576K
GC Heap History (10 events):
Event: 3,595 GC heap after
Heap after GC invocations=3 (full 0):
 PSYoungGen      total 74752K, used 8333K [0x000000076ce00000, 0x0000000776000000, 0x00000007c0000000)
  eden space 64512K, 0% used [0x000000076ce00000,0x000000076ce00000,0x0000000770d00000)
  from space 10240K, 81% used [0x0000000770d00000,0x00000007715234d0,0x0000000771700000)
  to   space 10240K, 0% used [0x0000000775600000,0x0000000775600000,0x0000000776000000)
 ParOldGen       total 171008K, used 32K [0x00000006c6a00000, 0x00000006d1100000, 0x000000076ce00000)
  object space 171008K, 0% used [0x00000006c6a00000,0x00000006c6a08000,0x00000006d1100000)
 Metaspace       used 20620K, capacity 21304K, committed 21376K, reserved 1067008K
  class space    used 2729K, capacity 2908K, committed 2944K, reserved 1048576K
}
Event: 3,651 GC heap before
{Heap before GC invocations=4 (full 0):
 PSYoungGen      total 74752K, used 12804K [0x000000076ce00000, 0x0000000776000000, 0x00000007c0000000)
  eden space 64512K, 6% used [0x000000076ce00000,0x000000076d25dc88,0x0000000770d00000)
  from space 10240K, 81% used [0x0000000770d00000,0x00000007715234d0,0x0000000771700000)
  to   space 10240K, 0% used [0x0000000775600000,0x0000000775600000,0x0000000776000000)
 ParOldGen       total 171008K, used 32K [0x00000006c6a00000, 0x00000006d1100000, 0x000000076ce00000)
  object space 171008K, 0% used [0x00000006c6a00000,0x00000006c6a08000,0x00000006d1100000)
 Metaspace       used 20856K, capacity 21532K, committed 21628K, reserved 1069056K
  class space    used 2758K, capacity 2942K, committed 2944K, reserved 1048576K
Event: 3,679 GC heap after
Heap after GC invocations=4 (full 0):
 PSYoungGen      total 139264K, used 5261K [0x000000076ce00000, 0x0000000776000000, 0x00000007c0000000)
  eden space 129024K, 0% used [0x000000076ce00000,0x000000076ce00000,0x0000000774c00000)
  from space 10240K, 51% used [0x0000000775600000,0x0000000775b234d0,0x0000000776000000)
  to   space 10240K, 0% used [0x0000000774c00000,0x0000000774c00000,0x0000000775600000)
 ParOldGen       total 171008K, used 32K [0x00000006c6a00000, 0x00000006d1100000, 0x000000076ce00000)
  object space 171008K, 0% used [0x00000006c6a00000,0x00000006c6a08000,0x00000006d1100000)
 Metaspace       used 20856K, capacity 21532K, committed 21628K, reserved 1069056K
  class space    used 2758K, capacity 2942K, committed 2944K, reserved 1048576K
}
Event: 3,679 GC heap before
{Heap before GC invocations=5 (full 1):
 PSYoungGen      total 139264K, used 5261K [0x000000076ce00000, 0x0000000776000000, 0x00000007c0000000)
  eden space 129024K, 0% used [0x000000076ce00000,0x000000076ce00000,0x0000000774c00000)
  from space 10240K, 51% used [0x0000000775600000,0x0000000775b234d0,0x0000000776000000)
  to   space 10240K, 0% used [0x0000000774c00000,0x0000000774c00000,0x0000000775600000)
 ParOldGen       total 171008K, used 32K [0x00000006c6a00000, 0x00000006d1100000, 0x000000076ce00000)
  object space 171008K, 0% used [0x00000006c6a00000,0x00000006c6a08000,0x00000006d1100000)
 Metaspace       used 20856K, capacity 21532K, committed 21628K, reserved 1069056K
  class space    used 2758K, capacity 2942K, committed 2944K, reserved 1048576K
Event: 3,776 GC heap after
Heap after GC invocations=5 (full 1):
 PSYoungGen      total 139264K, used 0K [0x000000076ce00000, 0x0000000776000000, 0x00000007c0000000)
  eden space 129024K, 0% used [0x000000076ce00000,0x000000076ce00000,0x0000000774c00000)
  from space 10240K, 0% used [0x0000000775600000,0x0000000775600000,0x0000000776000000)
  to   space 10240K, 0% used [0x0000000774c00000,0x0000000774c00000,0x0000000775600000)
 ParOldGen       total 84480K, used 5175K [0x00000006c6a00000, 0x00000006cbc80000, 0x000000076ce00000)
  object space 84480K, 6% used [0x00000006c6a00000,0x00000006c6f0df98,0x00000006cbc80000)
 Metaspace       used 20855K, capacity 21526K, committed 21628K, reserved 1069056K
  class space    used 2757K, capacity 2941K, committed 2944K, reserved 1048576K
}
Event: 5,135 GC heap before
{Heap before GC invocations=6 (full 1):
 PSYoungGen      total 139264K, used 129024K [0x000000076ce00000, 0x0000000776000000, 0x00000007c0000000)
  eden space 129024K, 100% used [0x000000076ce00000,0x0000000774c00000,0x0000000774c00000)
  from space 10240K, 0% used [0x0000000775600000,0x0000000775600000,0x0000000776000000)
  to   space 10240K, 0% used [0x0000000774c00000,0x0000000774c00000,0x0000000775600000)
 ParOldGen       total 84480K, used 5175K [0x00000006c6a00000, 0x00000006cbc80000, 0x000000076ce00000)
  object space 84480K, 6% used [0x00000006c6a00000,0x00000006c6f0df98,0x00000006cbc80000)
 Metaspace       used 23940K, capacity 24824K, committed 24956K, reserved 1071104K
  class space    used 3170K, capacity 3382K, committed 3456K, reserved 1048576K
Event: 5,176 GC heap after
Heap after GC invocations=6 (full 1):
 PSYoungGen      total 139264K, used 9115K [0x000000076ce00000, 0x000000077bf80000, 0x00000007c0000000)
  eden space 129024K, 0% used [0x000000076ce00000,0x000000076ce00000,0x0000000774c00000)
  from space 10240K, 89% used [0x0000000774c00000,0x00000007754e6fd8,0x0000000775600000)
  to   space 10752K, 0% used [0x000000077b500000,0x000000077b500000,0x000000077bf80000)
 ParOldGen       total 84480K, used 5175K [0x00000006c6a00000, 0x00000006cbc80000, 0x000000076ce00000)
  object space 84480K, 6% used [0x00000006c6a00000,0x00000006c6f0df98,0x00000006cbc80000)
 Metaspace       used 23940K, capacity 24824K, committed 24956K, reserved 1071104K
  class space    used 3170K, capacity 3382K, committed 3456K, reserved 1048576K
}
Event: 14,143 GC heap before
{Heap before GC invocations=7 (full 1):
 PSYoungGen      total 139264K, used 138139K [0x000000076ce00000, 0x000000077bf80000, 0x00000007c0000000)
  eden space 129024K, 100% used [0x000000076ce00000,0x0000000774c00000,0x0000000774c00000)
  from space 10240K, 89% used [0x0000000774c00000,0x00000007754e6fd8,0x0000000775600000)
  to   space 10752K, 0% used [0x000000077b500000,0x000000077b500000,0x000000077bf80000)
 ParOldGen       total 84480K, used 5175K [0x00000006c6a00000, 0x00000006cbc80000, 0x000000076ce00000)
  object space 84480K, 6% used [0x00000006c6a00000,0x00000006c6f0df98,0x00000006cbc80000)
 Metaspace       used 28415K, capacity 29590K, committed 29692K, reserved 1075200K
  class space    used 3816K, capacity 4083K, committed 4096K, reserved 1048576K
Event: 14,169 GC heap after
Heap after GC invocations=7 (full 1):
 PSYoungGen      total 229376K, used 10731K [0x000000076ce00000, 0x000000077bf80000, 0x00000007c0000000)
  eden space 218624K, 0% used [0x000000076ce00000,0x000000076ce00000,0x000000077a380000)
  from space 10752K, 99% used [0x000000077b500000,0x000000077bf7ac28,0x000000077bf80000)
  to   space 14336K, 0% used [0x000000077a380000,0x000000077a380000,0x000000077b180000)
 ParOldGen       total 84480K, used 8773K [0x00000006c6a00000, 0x00000006cbc80000, 0x000000076ce00000)
  object space 84480K, 10% used [0x00000006c6a00000,0x00000006c7291760,0x00000006cbc80000)
 Metaspace       used 28415K, capacity 29590K, committed 29692K, reserved 1075200K
  class space    used 3816K, capacity 4083K, committed 4096K, reserved 1048576K
}
Event: 20,615 GC heap before
{Heap before GC invocations=8 (full 1):
 PSYoungGen      total 229376K, used 206600K [0x000000076ce00000, 0x000000077bf80000, 0x00000007c0000000)
  eden space 218624K, 89% used [0x000000076ce00000,0x0000000778d474f8,0x000000077a380000)
  from space 10752K, 99% used [0x000000077b500000,0x000000077bf7ac28,0x000000077bf80000)
  to   space 14336K, 0% used [0x000000077a380000,0x000000077a380000,0x000000077b180000)
 ParOldGen       total 84480K, used 8773K [0x00000006c6a00000, 0x00000006cbc80000, 0x000000076ce00000)
  object space 84480K, 10% used [0x00000006c6a00000,0x00000006c7291760,0x00000006cbc80000)
 Metaspace       used 34204K, capacity 35948K, committed 36048K, reserved 1081344K
  class space    used 4547K, capacity 4902K, committed 4992K, reserved 1048576K

